{
  "stats": {
    "suites": 4,
    "tests": 8,
    "passes": 8,
    "pending": 0,
    "failures": 0,
    "start": "2023-03-26T05:45:38.510Z",
    "end": "2023-03-26T05:47:12.816Z",
    "duration": 73331,
    "testsRegistered": 8,
    "passPercent": 100,
    "pendingPercent": 0,
    "other": 0,
    "hasOther": false,
    "skipped": 0,
    "hasSkipped": false
  },
  "results": [
    {
      "uuid": "752809da-66e3-4b38-84c7-a4a74c30df44",
      "title": "",
      "fullFile": "cypress/e2e/login_negative.cy.js",
      "file": "cypress/e2e/login_negative.cy.js",
      "beforeHooks": [],
      "afterHooks": [],
      "tests": [],
      "suites": [
        {
          "uuid": "d81294d3-ecc3-48cd-8f52-2082ee20d25d",
          "title": "Negative: Fail to login: PFS-2, PFS-3, PFS-4, PFS-5, PFS-6, PFS-7",
          "fullFile": "",
          "file": "",
          "beforeHooks": [],
          "afterHooks": [],
          "tests": [
            {
              "title": "Fail to login without domain && Fail to login with empty email ->TC#: PFS-2, PFS-3",
              "fullTitle": "Negative: Fail to login: PFS-2, PFS-3, PFS-4, PFS-5, PFS-6, PFS-7 Fail to login without domain && Fail to login with empty email ->TC#: PFS-2, PFS-3",
              "timedOut": null,
              "duration": 6536,
              "state": "passed",
              "speed": "medium",
              "pass": true,
              "fail": false,
              "pending": false,
              "context": null,
              "code": "loginPage.navigateToSignIn();\nloginPage.clickSignInBlue();\nloginPage.enterUserName('alex.gmobile.test');\nloginPage.clickPasswordField();\n//verification 1\ncy.get(loc.email_error).contains('Enter a valid email.').should('exist');\nloginPage.clearUserNameField();\nloginPage.clearPasswordField();\n//verification 2\ncy.get(loc.email_error).contains('Please enter your email address.').should('exist');",
              "err": {},
              "uuid": "0affac6b-8ed5-49e3-a84d-b3f1ca96f6ec",
              "parentUUID": "d81294d3-ecc3-48cd-8f52-2082ee20d25d",
              "isHook": false,
              "skipped": false
            },
            {
              "title": "Fail to login with invalid email and valid password -> TC#: PFS-7",
              "fullTitle": "Negative: Fail to login: PFS-2, PFS-3, PFS-4, PFS-5, PFS-6, PFS-7 Fail to login with invalid email and valid password -> TC#: PFS-7",
              "timedOut": null,
              "duration": 6149,
              "state": "passed",
              "speed": "medium",
              "pass": true,
              "fail": false,
              "pending": false,
              "context": null,
              "code": "loginPage.navigateToSignIn();\nloginPage.clickSignInBlue();\nloginPage.enterUserName('alex.gmobile.test');\nloginPage.clickPasswordField();\ncy.get(loc.email_error).contains('Enter a valid email.').should('exist');\nloginPage.clearUserNameField();\nloginPage.clearPasswordField();\ncy.get(loc.email_error).contains('Please enter your email address.').should('exist');",
              "err": {},
              "uuid": "e0d7e36f-4cc4-4a59-a7df-ef74ba63d32b",
              "parentUUID": "d81294d3-ecc3-48cd-8f52-2082ee20d25d",
              "isHook": false,
              "skipped": false
            },
            {
              "title": "Fail to login with empty password && Fail to login with invalid password: -> TC#: PFS-4, PFS-5",
              "fullTitle": "Negative: Fail to login: PFS-2, PFS-3, PFS-4, PFS-5, PFS-6, PFS-7 Fail to login with empty password && Fail to login with invalid password: -> TC#: PFS-4, PFS-5",
              "timedOut": null,
              "duration": 8376,
              "state": "passed",
              "speed": "medium",
              "pass": true,
              "fail": false,
              "pending": false,
              "context": null,
              "code": "loginPage.navigateToSignIn();\nloginPage.clickSignInBlue();\nloginPage.enterUserName('alex.gmobile.test@gmail.com');\nloginPage.clickPasswordField();\nloginPage.clickUserNameField();\ncy.get(loc.password_error).contains('Please enter your password.').should('exist');\nloginPage.enterPassword('Testtest');\nloginPage.clickSignInButton();\ncy.get('h3').contains(\"Email and password don't match. Please try again.\").should('exist');",
              "err": {},
              "uuid": "ccfb9719-7320-46d9-bcd6-1931d806166b",
              "parentUUID": "d81294d3-ecc3-48cd-8f52-2082ee20d25d",
              "isHook": false,
              "skipped": false
            },
            {
              "title": "Fail to login with empty credentials -> TC#: PFS-6",
              "fullTitle": "Negative: Fail to login: PFS-2, PFS-3, PFS-4, PFS-5, PFS-6, PFS-7 Fail to login with empty credentials -> TC#: PFS-6",
              "timedOut": null,
              "duration": 4557,
              "state": "passed",
              "speed": "fast",
              "pass": true,
              "fail": false,
              "pending": false,
              "context": null,
              "code": "loginPage.navigateToSignIn();\nloginPage.clickSignInBlue();\nloginPage.clickUserNameField();\nloginPage.clickPasswordField();\ncy.get(loc.final_signin_button).should('be.disabled');",
              "err": {},
              "uuid": "62a38341-3907-4436-bbb1-2b064f47fc7b",
              "parentUUID": "d81294d3-ecc3-48cd-8f52-2082ee20d25d",
              "isHook": false,
              "skipped": false
            }
          ],
          "suites": [],
          "passes": [
            "0affac6b-8ed5-49e3-a84d-b3f1ca96f6ec",
            "e0d7e36f-4cc4-4a59-a7df-ef74ba63d32b",
            "ccfb9719-7320-46d9-bcd6-1931d806166b",
            "62a38341-3907-4436-bbb1-2b064f47fc7b"
          ],
          "failures": [],
          "pending": [],
          "skipped": [],
          "duration": 25618,
          "root": false,
          "rootEmpty": false,
          "_timeout": 2000
        }
      ],
      "passes": [],
      "failures": [],
      "pending": [],
      "skipped": [],
      "duration": 0,
      "root": true,
      "rootEmpty": true,
      "_timeout": 2000
    },
    {
      "uuid": "b949019a-6b44-4475-83b3-63edc5d094f4",
      "title": "",
      "fullFile": "cypress/e2e/login_positive.cy.js",
      "file": "cypress/e2e/login_positive.cy.js",
      "beforeHooks": [],
      "afterHooks": [],
      "tests": [],
      "suites": [
        {
          "uuid": "915ea478-995a-4768-bf5a-85cca1f4c298",
          "title": "Positive: Successful login & logout tests",
          "fullFile": "",
          "file": "",
          "beforeHooks": [],
          "afterHooks": [],
          "tests": [
            {
              "title": "Successful login & Successful logout TC#: PFS-1, PFS-8",
              "fullTitle": "Positive: Successful login & logout tests Successful login & Successful logout TC#: PFS-1, PFS-8",
              "timedOut": null,
              "duration": 14615,
              "state": "passed",
              "speed": "slow",
              "pass": true,
              "fail": false,
              "pending": false,
              "context": null,
              "code": "//Login PFS-1\nloginPage.navigateURL('https://www.hotels.com/');\nloginPage.navigateToSignIn();\nloginPage.clickSignInBlue();\nloginPage.enterUserName(globalEmail);\nloginPage.enterPassword(globalPassword);\nloginPage.clickSignInButton();\n//Login verification\ncy.get(loc.navigateTosignIn, {\n  timeout: 10000\n}).contains('button', 'Alexey').should('exist');\n//Logout PFS-8\nloginPage.clickLogedInUserName();\nloginPage.clickSignOutButton();\n//Logout verification\ncy.get(loc.navigateTosignIn, {\n  timeout: 10000\n}).contains('button', 'Sign in').should('exist');\ncy.end();",
              "err": {},
              "uuid": "7a853f74-9e3d-47ff-b84d-40b3d1274553",
              "parentUUID": "915ea478-995a-4768-bf5a-85cca1f4c298",
              "isHook": false,
              "skipped": false
            }
          ],
          "suites": [],
          "passes": [
            "7a853f74-9e3d-47ff-b84d-40b3d1274553"
          ],
          "failures": [],
          "pending": [],
          "skipped": [],
          "duration": 14615,
          "root": false,
          "rootEmpty": false,
          "_timeout": 2000
        }
      ],
      "passes": [],
      "failures": [],
      "pending": [],
      "skipped": [],
      "duration": 0,
      "root": true,
      "rootEmpty": true,
      "_timeout": 2000
    },
    {
      "uuid": "a170825c-70e9-451a-80c0-b5352e42122f",
      "title": "",
      "fullFile": "cypress/e2e/search_by_property.cy.js",
      "file": "cypress/e2e/search_by_property.cy.js",
      "beforeHooks": [],
      "afterHooks": [],
      "tests": [],
      "suites": [
        {
          "uuid": "8f70d978-16f1-4fae-95c0-443babd1e226",
          "title": "Search field - Where to go (not logged user): PFS-11,PFS-13",
          "fullFile": "",
          "file": "",
          "beforeHooks": [],
          "afterHooks": [],
          "tests": [
            {
              "title": "Search field Where to go and search by property",
              "fullTitle": "Search field - Where to go (not logged user): PFS-11,PFS-13 Search field Where to go and search by property",
              "timedOut": null,
              "duration": 12733,
              "state": "passed",
              "speed": "slow",
              "pass": true,
              "fail": false,
              "pending": false,
              "context": null,
              "code": "//Positive search PFS-11\nwhereToGo.clickSearchField();\ncy.wait(500);\ncy.get(loc.search_field).type(text).type('{enter}');\nwhereToGo.clickSearchButton();\ncy.get('.uitk-heading-5', {\n  timeout: 10000\n}).contains('h3', 'Search by property name').should('exist');\n//Search by property name PFS-13\ncy.get(loc.search_by_property_field, {\n  timeout: 10000\n}).click();\ncy.wait(500);\ncy.get(loc.opened_property_search_field).type(hotel, {\n  force: true\n}).type('{enter}').should('have.value', hotel);\ncy.get('#playback-filter-pill-hotelName-Marriot').contains('Marriot').should('exist');\ncy.end();",
              "err": {},
              "uuid": "82f46ff0-6096-470f-8aab-97eac13efafa",
              "parentUUID": "8f70d978-16f1-4fae-95c0-443babd1e226",
              "isHook": false,
              "skipped": false
            }
          ],
          "suites": [],
          "passes": [
            "82f46ff0-6096-470f-8aab-97eac13efafa"
          ],
          "failures": [],
          "pending": [],
          "skipped": [],
          "duration": 12733,
          "root": false,
          "rootEmpty": false,
          "_timeout": 2000
        }
      ],
      "passes": [],
      "failures": [],
      "pending": [],
      "skipped": [],
      "duration": 0,
      "root": true,
      "rootEmpty": true,
      "_timeout": 2000
    },
    {
      "uuid": "7ad12149-9b53-458e-bb85-997a7fad9fa2",
      "title": "",
      "fullFile": "cypress/e2e/where_to_go.cy.js",
      "file": "cypress/e2e/where_to_go.cy.js",
      "beforeHooks": [],
      "afterHooks": [],
      "tests": [],
      "suites": [
        {
          "uuid": "de0fe10e-fcf3-45f7-ac95-7c46ad6e6bb5",
          "title": "Search field - Where to go (not logged user): PFS-11,PFS-12",
          "fullFile": "",
          "file": "",
          "beforeHooks": [],
          "afterHooks": [],
          "tests": [
            {
              "title": "Search field Where to go",
              "fullTitle": "Search field - Where to go (not logged user): PFS-11,PFS-12 Search field Where to go",
              "timedOut": null,
              "duration": 17981,
              "state": "passed",
              "speed": "slow",
              "pass": true,
              "fail": false,
              "pending": false,
              "context": null,
              "code": "//Correct search PFS-11\nwhereToGo.clickSearchField();\ncy.wait(500);\nwhereToGo.typeDestinationToSearch(text);\nwhereToGo.clickSearchButton();\n//cy.get('button').click().should('have.class', 'active')\ncy.get('h3').contains('Search by property name').should('exist');\n//Popular filters - Pool check\nwhereToGo.clickFilterWithPool();\ncy.get(loc.filter_pool).should('be.checked');\n//Star rating check\nwhereToGo.clickStarRaiting();\ncy.get(loc.star_raiting_value4).should('be.checked');\n//Guest raiting check\nwhereToGo.clickGuestRaiting();\ncy.get('input[type=\"radio\"][aria-label=\"Good 7+\"][value=\"35\"]').click();\n//Uncheck pool\nwhereToGo.removePoolButton();\ncy.get(loc.filter_pool).should('not.be.checked');\n//Uncheck star rating\nwhereToGo.uncheckStarRaiting();\ncy.get(loc.star_raiting_value4).should('not.be.checked');\n//Guest raiting\ncy.get(loc.remove_guest_button).click();\ncy.get(loc.remove_guest_button).should('not.exist');",
              "err": {},
              "uuid": "91762b41-8a63-4c54-8add-a4d6836ac749",
              "parentUUID": "de0fe10e-fcf3-45f7-ac95-7c46ad6e6bb5",
              "isHook": false,
              "skipped": false
            },
            {
              "title": "Error handling for the search filed -> TC#: PFS-9, PFS-10",
              "fullTitle": "Search field - Where to go (not logged user): PFS-11,PFS-12 Error handling for the search filed -> TC#: PFS-9, PFS-10",
              "timedOut": null,
              "duration": 2384,
              "state": "passed",
              "speed": "fast",
              "pass": true,
              "fail": false,
              "pending": false,
              "context": null,
              "code": "//Empty search state message PFS-9\nwhereToGo.clickSearchField();\ncy.get('.uitk-text-default-theme').contains('Search by destination, accommodations, or landmark').should('exist');\nwhereToGo.clickSearchField();\n//Empty search field error messaeges PFS-10\nwhereToGo.clickSearchButton();\ncy.get(loc.search_error).contains('Please select a destination').should('exist');\ncy.get('#lodging-search-form-1').contains('h3', 'Please correct the error to continue').should('exist');\ncy.end();",
              "err": {},
              "uuid": "80a05055-12a8-4f01-9578-7840dee163ae",
              "parentUUID": "de0fe10e-fcf3-45f7-ac95-7c46ad6e6bb5",
              "isHook": false,
              "skipped": false
            }
          ],
          "suites": [],
          "passes": [
            "91762b41-8a63-4c54-8add-a4d6836ac749",
            "80a05055-12a8-4f01-9578-7840dee163ae"
          ],
          "failures": [],
          "pending": [],
          "skipped": [],
          "duration": 20365,
          "root": false,
          "rootEmpty": false,
          "_timeout": 2000
        }
      ],
      "passes": [],
      "failures": [],
      "pending": [],
      "skipped": [],
      "duration": 0,
      "root": true,
      "rootEmpty": true,
      "_timeout": 2000
    }
  ],
  "meta": {
    "mocha": {
      "version": "7.0.1"
    },
    "mochawesome": {
      "options": {
        "quiet": false,
        "reportFilename": "mochawesome",
        "saveHtml": false,
        "saveJson": true,
        "consoleReporter": "spec",
        "useInlineDiffs": false,
        "code": true
      },
      "version": "7.1.3"
    },
    "marge": {
      "options": {
        "charts": true,
        "overwrite": false,
        "html": false,
        "json": true,
        "reportDir": "cypress/reports/mochawesome-report",
        "reportPageTitle": "Project Frame Report",
        "embeddedScreenshots": true
      },
      "version": "6.2.0"
    }
  }
}