{
  "stats": {
    "suites": 2,
    "tests": 5,
    "passes": 5,
    "pending": 0,
    "failures": 0,
    "start": "2023-03-12T20:26:31.709Z",
    "end": "2023-03-12T20:27:27.397Z",
    "duration": 45288,
    "testsRegistered": 5,
    "passPercent": 100,
    "pendingPercent": 0,
    "other": 0,
    "hasOther": false,
    "skipped": 0,
    "hasSkipped": false
  },
  "results": [
    {
      "uuid": "d1424162-81f8-43b7-aff1-9a681bb20bd2",
      "title": "",
      "fullFile": "cypress/e2e/login_negative.cy.js",
      "file": "cypress/e2e/login_negative.cy.js",
      "beforeHooks": [],
      "afterHooks": [],
      "tests": [],
      "suites": [
        {
          "uuid": "112221b3-f172-46ed-97fa-45ca0f399de9",
          "title": "Negative: Fail to login: PFS-2, PFS-3, PFS-4, PFS-5, PFS-6, PFS-7",
          "fullFile": "",
          "file": "",
          "beforeHooks": [],
          "afterHooks": [],
          "tests": [
            {
              "title": "Fail to login without domain && Fail to login with empty email ->TC#: PFS-2, PFS-3",
              "fullTitle": "Negative: Fail to login: PFS-2, PFS-3, PFS-4, PFS-5, PFS-6, PFS-7 Fail to login without domain && Fail to login with empty email ->TC#: PFS-2, PFS-3",
              "timedOut": null,
              "duration": 7881,
              "state": "passed",
              "speed": "medium",
              "pass": true,
              "fail": false,
              "pending": false,
              "context": null,
              "code": "loginPage.navigateToSignIn();\nloginPage.clickSignInBlue();\nloginPage.enterUserName('alex.gmobile.test');\nloginPage.clickPasswordField();\ncy.get(loc.email_error).contains('Enter a valid email.').should('exist');\nloginPage.clearUserNameField();\nloginPage.clearPasswordField();\ncy.get(loc.email_error).contains('Please enter your email address.').should('exist');",
              "err": {},
              "uuid": "e46a4211-de23-45ab-b51a-15cff32cafbd",
              "parentUUID": "112221b3-f172-46ed-97fa-45ca0f399de9",
              "isHook": false,
              "skipped": false
            },
            {
              "title": "Fail to login with invalid email and valid password -> TC#: PFS-7",
              "fullTitle": "Negative: Fail to login: PFS-2, PFS-3, PFS-4, PFS-5, PFS-6, PFS-7 Fail to login with invalid email and valid password -> TC#: PFS-7",
              "timedOut": null,
              "duration": 6847,
              "state": "passed",
              "speed": "medium",
              "pass": true,
              "fail": false,
              "pending": false,
              "context": null,
              "code": "loginPage.navigateToSignIn();\nloginPage.clickSignInBlue();\nloginPage.enterUserName('alex.gmobile.test');\nloginPage.clickPasswordField();\ncy.get(loc.email_error).contains('Enter a valid email.').should('exist');\nloginPage.clearUserNameField();\nloginPage.clearPasswordField();\ncy.get(loc.email_error).contains('Please enter your email address.').should('exist');",
              "err": {},
              "uuid": "6a9cddfd-44b2-4a57-a8fe-8e8ce3afc8ee",
              "parentUUID": "112221b3-f172-46ed-97fa-45ca0f399de9",
              "isHook": false,
              "skipped": false
            },
            {
              "title": "Fail to login with empty password && Fail to login with invalid password: -> TC#: PFS-4, PFS-5",
              "fullTitle": "Negative: Fail to login: PFS-2, PFS-3, PFS-4, PFS-5, PFS-6, PFS-7 Fail to login with empty password && Fail to login with invalid password: -> TC#: PFS-4, PFS-5",
              "timedOut": null,
              "duration": 8568,
              "state": "passed",
              "speed": "medium",
              "pass": true,
              "fail": false,
              "pending": false,
              "context": null,
              "code": "loginPage.navigateToSignIn();\nloginPage.clickSignInBlue();\nloginPage.enterUserName('alex.gmobile.test@gmail.com');\nloginPage.clickPasswordField();\nloginPage.clickUserNameField();\ncy.get(loc.password_error).contains('Please enter your password.').should('exist');\nloginPage.enterPassword('Testtest');\nloginPage.clickSignInButton();\ncy.get('h3').contains(\"Email and password don't match. Please try again.\").should('exist');",
              "err": {},
              "uuid": "cc5f9676-b2dc-4f3e-8d07-c407092df554",
              "parentUUID": "112221b3-f172-46ed-97fa-45ca0f399de9",
              "isHook": false,
              "skipped": false
            },
            {
              "title": "Fail to login with empty credentials -> TC#: PFS-6",
              "fullTitle": "Negative: Fail to login: PFS-2, PFS-3, PFS-4, PFS-5, PFS-6, PFS-7 Fail to login with empty credentials -> TC#: PFS-6",
              "timedOut": null,
              "duration": 5543,
              "state": "passed",
              "speed": "medium",
              "pass": true,
              "fail": false,
              "pending": false,
              "context": null,
              "code": "loginPage.navigateToSignIn();\nloginPage.clickSignInBlue();\nloginPage.clickUserNameField();\nloginPage.clickPasswordField();\ncy.get(loc.final_signin_button).should('be.disabled');",
              "err": {},
              "uuid": "5617e849-a339-4e29-8ab0-7e40214c0a08",
              "parentUUID": "112221b3-f172-46ed-97fa-45ca0f399de9",
              "isHook": false,
              "skipped": false
            }
          ],
          "suites": [],
          "passes": [
            "e46a4211-de23-45ab-b51a-15cff32cafbd",
            "6a9cddfd-44b2-4a57-a8fe-8e8ce3afc8ee",
            "cc5f9676-b2dc-4f3e-8d07-c407092df554",
            "5617e849-a339-4e29-8ab0-7e40214c0a08"
          ],
          "failures": [],
          "pending": [],
          "skipped": [],
          "duration": 28839,
          "root": false,
          "rootEmpty": false,
          "_timeout": 2000
        }
      ],
      "passes": [],
      "failures": [],
      "pending": [],
      "skipped": [],
      "duration": 0,
      "root": true,
      "rootEmpty": true,
      "_timeout": 2000
    },
    {
      "uuid": "e1c85d61-fb08-4afd-ad22-2a2ed04cf6a5",
      "title": "",
      "fullFile": "cypress/e2e/login_positive.cy.js",
      "file": "cypress/e2e/login_positive.cy.js",
      "beforeHooks": [],
      "afterHooks": [],
      "tests": [],
      "suites": [
        {
          "uuid": "833bfcbf-d6f5-457d-9447-b3dc72ae27f6",
          "title": "Positive: Successful login & logout tests",
          "fullFile": "",
          "file": "",
          "beforeHooks": [],
          "afterHooks": [],
          "tests": [
            {
              "title": "Successful login & Successful logout TC#: PFS-1, PFS-8",
              "fullTitle": "Positive: Successful login & logout tests Successful login & Successful logout TC#: PFS-1, PFS-8",
              "timedOut": null,
              "duration": 16449,
              "state": "passed",
              "speed": "slow",
              "pass": true,
              "fail": false,
              "pending": false,
              "context": null,
              "code": "//Login PFS-1\nloginPage.navigateURL('https://www.hotels.com/');\nloginPage.navigateToSignIn();\nloginPage.clickSignInBlue();\nloginPage.enterUserName(globalEmail);\nloginPage.enterPassword(globalPassword);\nloginPage.clickSignInButton();\n//Login verification\ncy.get(loc.navigateTosignIn).contains('button', 'Alexey').should('exist');\n//Logout PFS-8\nloginPage.clickLogedInUserName();\nloginPage.clickSignOutButton();\n//Logout verification\ncy.get(loc.navigateTosignIn).contains('button', 'Sign in').should('exist');",
              "err": {},
              "uuid": "de7d4f28-7d7f-4009-b1f7-d6d76ccd6b02",
              "parentUUID": "833bfcbf-d6f5-457d-9447-b3dc72ae27f6",
              "isHook": false,
              "skipped": false
            }
          ],
          "suites": [],
          "passes": [
            "de7d4f28-7d7f-4009-b1f7-d6d76ccd6b02"
          ],
          "failures": [],
          "pending": [],
          "skipped": [],
          "duration": 16449,
          "root": false,
          "rootEmpty": false,
          "_timeout": 2000
        }
      ],
      "passes": [],
      "failures": [],
      "pending": [],
      "skipped": [],
      "duration": 0,
      "root": true,
      "rootEmpty": true,
      "_timeout": 2000
    }
  ],
  "meta": {
    "mocha": {
      "version": "7.0.1"
    },
    "mochawesome": {
      "options": {
        "quiet": false,
        "reportFilename": "mochawesome",
        "saveHtml": false,
        "saveJson": true,
        "consoleReporter": "spec",
        "useInlineDiffs": false,
        "code": true
      },
      "version": "7.1.3"
    },
    "marge": {
      "options": {
        "charts": true,
        "overwrite": false,
        "html": false,
        "json": true,
        "reportDir": "cypress/reports/mochawesome-report",
        "reportPageTitle": "Project Frame Report",
        "embeddedScreenshots": true
      },
      "version": "6.2.0"
    }
  }
}