{
  "stats": {
    "suites": 4,
    "tests": 8,
    "passes": 8,
    "pending": 0,
    "failures": 0,
    "start": "2023-03-27T20:32:12.432Z",
    "end": "2023-03-27T20:33:42.939Z",
    "duration": 78181,
    "testsRegistered": 8,
    "passPercent": 100,
    "pendingPercent": 0,
    "other": 0,
    "hasOther": false,
    "skipped": 0,
    "hasSkipped": false
  },
  "results": [
    {
      "uuid": "8c0d4537-5449-43df-a780-80c1c09e036c",
      "title": "",
      "fullFile": "cypress/e2e/login_negative.cy.js",
      "file": "cypress/e2e/login_negative.cy.js",
      "beforeHooks": [],
      "afterHooks": [],
      "tests": [],
      "suites": [
        {
          "uuid": "07b8db8c-a864-4ca2-ae71-5d4651dc63c3",
          "title": "Negative: Fail to login: PFS-2, PFS-3, PFS-4, PFS-5, PFS-6, PFS-7",
          "fullFile": "",
          "file": "",
          "beforeHooks": [],
          "afterHooks": [],
          "tests": [
            {
              "title": "Fail to login without domain && Fail to login with empty email ->TC#: PFS-2, PFS-3",
              "fullTitle": "Negative: Fail to login: PFS-2, PFS-3, PFS-4, PFS-5, PFS-6, PFS-7 Fail to login without domain && Fail to login with empty email ->TC#: PFS-2, PFS-3",
              "timedOut": null,
              "duration": 7036,
              "state": "passed",
              "speed": "medium",
              "pass": true,
              "fail": false,
              "pending": false,
              "context": null,
              "code": "loginPage.navigateToSignIn();\nloginPage.clickSignInBlue();\nloginPage.enterUserName('alex.gmobile.test');\nloginPage.clickPasswordField();\n//verification 1\ncy.get(loc.email_error).contains('Enter a valid email.').should('exist');\nloginPage.clearUserNameField();\nloginPage.clearPasswordField();\n//verification 2\ncy.get(loc.email_error).contains('Please enter your email address.').should('exist');",
              "err": {},
              "uuid": "3413a396-7d3c-4102-94a0-d41bcff49254",
              "parentUUID": "07b8db8c-a864-4ca2-ae71-5d4651dc63c3",
              "isHook": false,
              "skipped": false
            },
            {
              "title": "Fail to login with invalid email and valid password -> TC#: PFS-7",
              "fullTitle": "Negative: Fail to login: PFS-2, PFS-3, PFS-4, PFS-5, PFS-6, PFS-7 Fail to login with invalid email and valid password -> TC#: PFS-7",
              "timedOut": null,
              "duration": 5541,
              "state": "passed",
              "speed": "medium",
              "pass": true,
              "fail": false,
              "pending": false,
              "context": null,
              "code": "loginPage.navigateToSignIn();\nloginPage.clickSignInBlue();\nloginPage.enterUserName('alex.gmobile.test');\nloginPage.clickPasswordField();\ncy.get(loc.email_error).contains('Enter a valid email.').should('exist');\nloginPage.clearUserNameField();\nloginPage.clearPasswordField();\ncy.get(loc.email_error).contains('Please enter your email address.').should('exist');",
              "err": {},
              "uuid": "4317b09a-d72b-40b3-9534-41476cafc987",
              "parentUUID": "07b8db8c-a864-4ca2-ae71-5d4651dc63c3",
              "isHook": false,
              "skipped": false
            },
            {
              "title": "Fail to login with empty password && Fail to login with invalid password: -> TC#: PFS-4, PFS-5",
              "fullTitle": "Negative: Fail to login: PFS-2, PFS-3, PFS-4, PFS-5, PFS-6, PFS-7 Fail to login with empty password && Fail to login with invalid password: -> TC#: PFS-4, PFS-5",
              "timedOut": null,
              "duration": 7320,
              "state": "passed",
              "speed": "medium",
              "pass": true,
              "fail": false,
              "pending": false,
              "context": null,
              "code": "loginPage.navigateToSignIn();\nloginPage.clickSignInBlue();\nloginPage.enterUserName('alex.gmobile.test@gmail.com');\nloginPage.clickPasswordField();\nloginPage.clickUserNameField();\ncy.get(loc.password_error).contains('Please enter your password.').should('exist');\nloginPage.enterPassword('Testtest');\nloginPage.clickSignInButton();\ncy.get('h3').contains(\"Email and password don't match. Please try again.\").should('exist');",
              "err": {},
              "uuid": "039b04d7-a3f1-4834-abbf-e77f863996cf",
              "parentUUID": "07b8db8c-a864-4ca2-ae71-5d4651dc63c3",
              "isHook": false,
              "skipped": false
            },
            {
              "title": "Fail to login with empty credentials -> TC#: PFS-6",
              "fullTitle": "Negative: Fail to login: PFS-2, PFS-3, PFS-4, PFS-5, PFS-6, PFS-7 Fail to login with empty credentials -> TC#: PFS-6",
              "timedOut": null,
              "duration": 4354,
              "state": "passed",
              "speed": "fast",
              "pass": true,
              "fail": false,
              "pending": false,
              "context": null,
              "code": "loginPage.navigateToSignIn();\nloginPage.clickSignInBlue();\nloginPage.clickUserNameField();\nloginPage.clickPasswordField();\ncy.get(loc.final_signin_button).should('be.disabled');",
              "err": {},
              "uuid": "f823b12f-613f-4875-9712-29293fdefd7f",
              "parentUUID": "07b8db8c-a864-4ca2-ae71-5d4651dc63c3",
              "isHook": false,
              "skipped": false
            }
          ],
          "suites": [],
          "passes": [
            "3413a396-7d3c-4102-94a0-d41bcff49254",
            "4317b09a-d72b-40b3-9534-41476cafc987",
            "039b04d7-a3f1-4834-abbf-e77f863996cf",
            "f823b12f-613f-4875-9712-29293fdefd7f"
          ],
          "failures": [],
          "pending": [],
          "skipped": [],
          "duration": 24251,
          "root": false,
          "rootEmpty": false,
          "_timeout": 2000
        }
      ],
      "passes": [],
      "failures": [],
      "pending": [],
      "skipped": [],
      "duration": 0,
      "root": true,
      "rootEmpty": true,
      "_timeout": 2000
    },
    {
      "uuid": "115f152c-0d39-4443-88f9-2a33680e1cfe",
      "title": "",
      "fullFile": "cypress/e2e/login_positive.cy.js",
      "file": "cypress/e2e/login_positive.cy.js",
      "beforeHooks": [],
      "afterHooks": [],
      "tests": [],
      "suites": [
        {
          "uuid": "453a7cf2-df06-44e4-99a3-96b2188057e6",
          "title": "Positive: Successful login & logout tests",
          "fullFile": "",
          "file": "",
          "beforeHooks": [],
          "afterHooks": [],
          "tests": [
            {
              "title": "Successful login & Successful logout TC#: PFS-1, PFS-8",
              "fullTitle": "Positive: Successful login & logout tests Successful login & Successful logout TC#: PFS-1, PFS-8",
              "timedOut": null,
              "duration": 16037,
              "state": "passed",
              "speed": "slow",
              "pass": true,
              "fail": false,
              "pending": false,
              "context": "{\n  \"title\": \"cypress-mochawesome-reporter-screenshots\",\n  \"value\": [\n    [\n      {\n        \"title\": \"Screenshot\",\n        \"value\": \"/login_positive.cy.js/sign_in_button_check1.png\"\n      },\n      {\n        \"title\": \"Screenshot\",\n        \"value\": \"/login_positive.cy.js/sign_in_button_check2.png\"\n      }\n    ]\n  ]\n}",
              "code": "//Login PFS-1\nloginPage.navigateURL('https://www.hotels.com/');\nloginPage.navigateToSignIn();\nloginPage.clickSignInBlue();\nloginPage.enterUserName(globalEmail);\nloginPage.enterPassword(globalPassword);\nloginPage.clickSignInButton();\n//Login verification\n//cy.get(loc.navigateTosignIn, {timeout:10000}).contains('button', 'Alexey').screenshot(\"sign_in_button_check1\")\n//cy.get(loc.navigateTosignIn, {timeout:10000}).contains('button', 'Alexey').should('exist').debug()\ncy.get('#secondaryNav').find('#gc-custom-header-nav-bar-acct-menu').contains('button', 'Alexey').screenshot(\"sign_in_button_check1\");\ncy.get('#secondaryNav').find('#gc-custom-header-nav-bar-acct-menu').contains('button', 'Alexey').should('exist').debug();\n//Logout PFS-8\nloginPage.clickLogedInUserName();\nloginPage.clickSignOutButton();\n//Logout verification\n//cy.get(loc.navigateTosignIn, {timeout:10000}).contains('button', 'Sign in').screenshot(\"sign_in_button_check2\")\n//cy.get(loc.navigateTosignIn, {timeout:10000}).contains('button', 'Sign in').should('exist').debug()\ncy.get('#secondaryNav').find('#gc-custom-header-nav-bar-acct-menu').contains('button', 'Sign in').screenshot(\"sign_in_button_check2\");\ncy.get('#secondaryNav').find('#gc-custom-header-nav-bar-acct-menu').contains('button', 'Sign in').should('exist').debug();\ncy.end();",
              "err": {},
              "uuid": "a22ab171-46f9-4a6f-9609-d2e389b493b9",
              "parentUUID": "453a7cf2-df06-44e4-99a3-96b2188057e6",
              "isHook": false,
              "skipped": false
            }
          ],
          "suites": [],
          "passes": [
            "a22ab171-46f9-4a6f-9609-d2e389b493b9"
          ],
          "failures": [],
          "pending": [],
          "skipped": [],
          "duration": 16037,
          "root": false,
          "rootEmpty": false,
          "_timeout": 2000
        }
      ],
      "passes": [],
      "failures": [],
      "pending": [],
      "skipped": [],
      "duration": 0,
      "root": true,
      "rootEmpty": true,
      "_timeout": 2000
    },
    {
      "uuid": "eeb8a94d-aaab-495a-8757-27684d441d66",
      "title": "",
      "fullFile": "cypress/e2e/search_by_property.cy.js",
      "file": "cypress/e2e/search_by_property.cy.js",
      "beforeHooks": [],
      "afterHooks": [],
      "tests": [],
      "suites": [
        {
          "uuid": "9defd4ce-0de0-4302-bc85-4077345dfc76",
          "title": "Search field - Where to go (not logged user): PFS-11,PFS-13",
          "fullFile": "",
          "file": "",
          "beforeHooks": [],
          "afterHooks": [],
          "tests": [
            {
              "title": "Search field Where to go and search by property",
              "fullTitle": "Search field - Where to go (not logged user): PFS-11,PFS-13 Search field Where to go and search by property",
              "timedOut": null,
              "duration": 15110,
              "state": "passed",
              "speed": "slow",
              "pass": true,
              "fail": false,
              "pending": false,
              "context": null,
              "code": "//Positive search PFS-11\nwhereToGo.clickSearchField();\ncy.wait(500);\ncy.get(loc.search_field).type(text).type('{enter}');\nwhereToGo.clickSearchButton();\ncy.get('.uitk-heading-5', {\n  timeout: 10000\n}).contains('h3', 'Search by property name').should('exist');\n//Search by property name PFS-13\ncy.get(loc.search_by_property_field, {\n  timeout: 10000\n}).click();\ncy.wait(500);\ncy.get(loc.opened_property_search_field).type(hotel, {\n  force: true\n}).type('{enter}').should('have.value', hotel);\ncy.get('#playback-filter-pill-hotelName-Marriot').contains('Marriot').should('exist');\ncy.end();",
              "err": {},
              "uuid": "91a19f37-2931-44ee-85a3-01937162f24e",
              "parentUUID": "9defd4ce-0de0-4302-bc85-4077345dfc76",
              "isHook": false,
              "skipped": false
            }
          ],
          "suites": [],
          "passes": [
            "91a19f37-2931-44ee-85a3-01937162f24e"
          ],
          "failures": [],
          "pending": [],
          "skipped": [],
          "duration": 15110,
          "root": false,
          "rootEmpty": false,
          "_timeout": 2000
        }
      ],
      "passes": [],
      "failures": [],
      "pending": [],
      "skipped": [],
      "duration": 0,
      "root": true,
      "rootEmpty": true,
      "_timeout": 2000
    },
    {
      "uuid": "ddbb67a9-3c2e-48de-9009-e00b8ddcdaa6",
      "title": "",
      "fullFile": "cypress/e2e/where_to_go.cy.js",
      "file": "cypress/e2e/where_to_go.cy.js",
      "beforeHooks": [],
      "afterHooks": [],
      "tests": [],
      "suites": [
        {
          "uuid": "0b1d313a-acf3-4d7d-b48b-2efe51e0276a",
          "title": "Search field - Where to go (not logged user): PFS-11,PFS-12",
          "fullFile": "",
          "file": "",
          "beforeHooks": [],
          "afterHooks": [],
          "tests": [
            {
              "title": "Search field Where to go",
              "fullTitle": "Search field - Where to go (not logged user): PFS-11,PFS-12 Search field Where to go",
              "timedOut": null,
              "duration": 17388,
              "state": "passed",
              "speed": "slow",
              "pass": true,
              "fail": false,
              "pending": false,
              "context": null,
              "code": "//Correct search PFS-11\nwhereToGo.clickSearchField();\ncy.wait(500);\nwhereToGo.typeDestinationToSearch(text);\nwhereToGo.clickSearchButton();\n//cy.get('button').click().should('have.class', 'active')\ncy.get('h3').contains('Search by property name').should('exist');\n//Popular filters - Pool check\nwhereToGo.clickFilterWithPool();\ncy.get(loc.filter_pool).should('be.checked');\n//Star rating check\nwhereToGo.clickStarRaiting();\ncy.get(loc.star_raiting_value4).should('be.checked');\n//Guest raiting check\nwhereToGo.clickGuestRaiting();\ncy.get('input[type=\"radio\"][aria-label=\"Good 7+\"][value=\"35\"]').click();\n//Uncheck pool\nwhereToGo.removePoolButton();\ncy.get(loc.filter_pool).should('not.be.checked');\n//Uncheck star rating\nwhereToGo.uncheckStarRaiting();\ncy.get(loc.star_raiting_value4).should('not.be.checked');\n//Guest raiting\ncy.get(loc.remove_guest_button).click();\ncy.get(loc.remove_guest_button).should('not.exist');",
              "err": {},
              "uuid": "bf41a4fb-1593-4b3f-ad60-50eb5d870930",
              "parentUUID": "0b1d313a-acf3-4d7d-b48b-2efe51e0276a",
              "isHook": false,
              "skipped": false
            },
            {
              "title": "Error handling for the search filed -> TC#: PFS-9, PFS-10",
              "fullTitle": "Search field - Where to go (not logged user): PFS-11,PFS-12 Error handling for the search filed -> TC#: PFS-9, PFS-10",
              "timedOut": null,
              "duration": 5395,
              "state": "passed",
              "speed": "medium",
              "pass": true,
              "fail": false,
              "pending": false,
              "context": null,
              "code": "//Empty search state message PFS-9\nwhereToGo.clickSearchField();\ncy.get('.uitk-text-default-theme').contains('Search by destination, accommodations, or landmark').should('exist');\nwhereToGo.clickSearchField();\n//Empty search field error messaeges PFS-10\nwhereToGo.clickSearchButton();\ncy.get(loc.search_error).contains('Please select a destination').should('exist');\ncy.get('#lodging-search-form-1').contains('h3', 'Please correct the error to continue').should('exist');\ncy.end();",
              "err": {},
              "uuid": "0057c6e9-cebb-4d7c-8409-28cd45c6bbb9",
              "parentUUID": "0b1d313a-acf3-4d7d-b48b-2efe51e0276a",
              "isHook": false,
              "skipped": false
            }
          ],
          "suites": [],
          "passes": [
            "bf41a4fb-1593-4b3f-ad60-50eb5d870930",
            "0057c6e9-cebb-4d7c-8409-28cd45c6bbb9"
          ],
          "failures": [],
          "pending": [],
          "skipped": [],
          "duration": 22783,
          "root": false,
          "rootEmpty": false,
          "_timeout": 2000
        }
      ],
      "passes": [],
      "failures": [],
      "pending": [],
      "skipped": [],
      "duration": 0,
      "root": true,
      "rootEmpty": true,
      "_timeout": 2000
    }
  ],
  "meta": {
    "mocha": {
      "version": "7.0.1"
    },
    "mochawesome": {
      "options": {
        "quiet": false,
        "reportFilename": "mochawesome",
        "saveHtml": false,
        "saveJson": true,
        "consoleReporter": "spec",
        "useInlineDiffs": false,
        "code": true
      },
      "version": "7.1.3"
    },
    "marge": {
      "options": {
        "charts": true,
        "overwrite": false,
        "html": false,
        "json": true,
        "reportDir": "cypress/reports/mochawesome-report",
        "reportPageTitle": "Project Frame Report",
        "embeddedScreenshots": true
      },
      "version": "6.2.0"
    }
  }
}