{
  "stats": {
    "suites": 3,
    "tests": 7,
    "passes": 7,
    "pending": 0,
    "failures": 0,
    "start": "2023-03-19T21:23:15.214Z",
    "end": "2023-03-19T21:24:15.179Z",
    "duration": 45301,
    "testsRegistered": 7,
    "passPercent": 100,
    "pendingPercent": 0,
    "other": 0,
    "hasOther": false,
    "skipped": 0,
    "hasSkipped": false
  },
  "results": [
    {
      "uuid": "1224722b-d35e-4c37-92da-d0f01ff51bfd",
      "title": "",
      "fullFile": "cypress/e2e/login_negative.cy.js",
      "file": "cypress/e2e/login_negative.cy.js",
      "beforeHooks": [],
      "afterHooks": [],
      "tests": [],
      "suites": [
        {
          "uuid": "3aec8d4f-3571-46f4-80e3-057f9784dfde",
          "title": "Negative: Fail to login: PFS-2, PFS-3, PFS-4, PFS-5, PFS-6, PFS-7",
          "fullFile": "",
          "file": "",
          "beforeHooks": [],
          "afterHooks": [],
          "tests": [
            {
              "title": "Fail to login without domain && Fail to login with empty email ->TC#: PFS-2, PFS-3",
              "fullTitle": "Negative: Fail to login: PFS-2, PFS-3, PFS-4, PFS-5, PFS-6, PFS-7 Fail to login without domain && Fail to login with empty email ->TC#: PFS-2, PFS-3",
              "timedOut": null,
              "duration": 5117,
              "state": "passed",
              "speed": "medium",
              "pass": true,
              "fail": false,
              "pending": false,
              "context": null,
              "code": "loginPage.navigateToSignIn();\nloginPage.clickSignInBlue();\nloginPage.enterUserName('alex.gmobile.test');\nloginPage.clickPasswordField();\n//verification 1\ncy.get(loc.email_error).contains('Enter a valid email.').should('exist');\nloginPage.clearUserNameField();\nloginPage.clearPasswordField();\n//verification 2\ncy.get(loc.email_error).contains('Please enter your email address.').should('exist');",
              "err": {},
              "uuid": "ea6de8ef-dc82-4877-8be3-86dfec90731a",
              "parentUUID": "3aec8d4f-3571-46f4-80e3-057f9784dfde",
              "isHook": false,
              "skipped": false
            },
            {
              "title": "Fail to login with invalid email and valid password -> TC#: PFS-7",
              "fullTitle": "Negative: Fail to login: PFS-2, PFS-3, PFS-4, PFS-5, PFS-6, PFS-7 Fail to login with invalid email and valid password -> TC#: PFS-7",
              "timedOut": null,
              "duration": 5160,
              "state": "passed",
              "speed": "medium",
              "pass": true,
              "fail": false,
              "pending": false,
              "context": null,
              "code": "loginPage.navigateToSignIn();\nloginPage.clickSignInBlue();\nloginPage.enterUserName('alex.gmobile.test');\nloginPage.clickPasswordField();\ncy.get(loc.email_error).contains('Enter a valid email.').should('exist');\nloginPage.clearUserNameField();\nloginPage.clearPasswordField();\ncy.get(loc.email_error).contains('Please enter your email address.').should('exist');",
              "err": {},
              "uuid": "0ce5b48a-8a97-4d35-bccd-fbfcef619b81",
              "parentUUID": "3aec8d4f-3571-46f4-80e3-057f9784dfde",
              "isHook": false,
              "skipped": false
            },
            {
              "title": "Fail to login with empty password && Fail to login with invalid password: -> TC#: PFS-4, PFS-5",
              "fullTitle": "Negative: Fail to login: PFS-2, PFS-3, PFS-4, PFS-5, PFS-6, PFS-7 Fail to login with empty password && Fail to login with invalid password: -> TC#: PFS-4, PFS-5",
              "timedOut": null,
              "duration": 7700,
              "state": "passed",
              "speed": "medium",
              "pass": true,
              "fail": false,
              "pending": false,
              "context": null,
              "code": "loginPage.navigateToSignIn();\nloginPage.clickSignInBlue();\nloginPage.enterUserName('alex.gmobile.test@gmail.com');\nloginPage.clickPasswordField();\nloginPage.clickUserNameField();\ncy.get(loc.password_error).contains('Please enter your password.').should('exist');\nloginPage.enterPassword('Testtest');\nloginPage.clickSignInButton();\ncy.get('h3').contains(\"Email and password don't match. Please try again.\").should('exist');",
              "err": {},
              "uuid": "22a1daa6-9def-4102-b0d3-34b83fe7b623",
              "parentUUID": "3aec8d4f-3571-46f4-80e3-057f9784dfde",
              "isHook": false,
              "skipped": false
            },
            {
              "title": "Fail to login with empty credentials -> TC#: PFS-6",
              "fullTitle": "Negative: Fail to login: PFS-2, PFS-3, PFS-4, PFS-5, PFS-6, PFS-7 Fail to login with empty credentials -> TC#: PFS-6",
              "timedOut": null,
              "duration": 4705,
              "state": "passed",
              "speed": "fast",
              "pass": true,
              "fail": false,
              "pending": false,
              "context": null,
              "code": "loginPage.navigateToSignIn();\nloginPage.clickSignInBlue();\nloginPage.clickUserNameField();\nloginPage.clickPasswordField();\ncy.get(loc.final_signin_button).should('be.disabled');",
              "err": {},
              "uuid": "d25fdfed-c9f1-48ee-9754-4d62f731ec48",
              "parentUUID": "3aec8d4f-3571-46f4-80e3-057f9784dfde",
              "isHook": false,
              "skipped": false
            }
          ],
          "suites": [],
          "passes": [
            "ea6de8ef-dc82-4877-8be3-86dfec90731a",
            "0ce5b48a-8a97-4d35-bccd-fbfcef619b81",
            "22a1daa6-9def-4102-b0d3-34b83fe7b623",
            "d25fdfed-c9f1-48ee-9754-4d62f731ec48"
          ],
          "failures": [],
          "pending": [],
          "skipped": [],
          "duration": 22682,
          "root": false,
          "rootEmpty": false,
          "_timeout": 2000
        }
      ],
      "passes": [],
      "failures": [],
      "pending": [],
      "skipped": [],
      "duration": 0,
      "root": true,
      "rootEmpty": true,
      "_timeout": 2000
    },
    {
      "uuid": "2a54bf41-f790-48d6-8a0f-e53f3e837abc",
      "title": "",
      "fullFile": "cypress/e2e/login_positive.cy.js",
      "file": "cypress/e2e/login_positive.cy.js",
      "beforeHooks": [],
      "afterHooks": [],
      "tests": [],
      "suites": [
        {
          "uuid": "e8ef5d5d-5e10-470c-92fe-6e937fbf112a",
          "title": "Positive: Successful login & logout tests",
          "fullFile": "",
          "file": "",
          "beforeHooks": [],
          "afterHooks": [],
          "tests": [
            {
              "title": "Successful login & Successful logout TC#: PFS-1, PFS-8",
              "fullTitle": "Positive: Successful login & logout tests Successful login & Successful logout TC#: PFS-1, PFS-8",
              "timedOut": null,
              "duration": 12308,
              "state": "passed",
              "speed": "slow",
              "pass": true,
              "fail": false,
              "pending": false,
              "context": null,
              "code": "//Login PFS-1\nloginPage.navigateURL('https://www.hotels.com/');\nloginPage.navigateToSignIn();\nloginPage.clickSignInBlue();\nloginPage.enterUserName(globalEmail);\nloginPage.enterPassword(globalPassword);\nloginPage.clickSignInButton();\n//Login verification\ncy.get(loc.navigateTosignIn).contains('button', 'Alexey').should('exist');\n//Logout PFS-8\nloginPage.clickLogedInUserName();\nloginPage.clickSignOutButton();\n//Logout verification\ncy.get(loc.navigateTosignIn).contains('button', 'Sign in').should('exist');",
              "err": {},
              "uuid": "e434f4b8-9706-443c-b78d-37e4748cbc48",
              "parentUUID": "e8ef5d5d-5e10-470c-92fe-6e937fbf112a",
              "isHook": false,
              "skipped": false
            }
          ],
          "suites": [],
          "passes": [
            "e434f4b8-9706-443c-b78d-37e4748cbc48"
          ],
          "failures": [],
          "pending": [],
          "skipped": [],
          "duration": 12308,
          "root": false,
          "rootEmpty": false,
          "_timeout": 2000
        }
      ],
      "passes": [],
      "failures": [],
      "pending": [],
      "skipped": [],
      "duration": 0,
      "root": true,
      "rootEmpty": true,
      "_timeout": 2000
    },
    {
      "uuid": "a141ab6a-43ab-435e-bc95-a1649c16df57",
      "title": "",
      "fullFile": "cypress/e2e/where_to_go.cy.js",
      "file": "cypress/e2e/where_to_go.cy.js",
      "beforeHooks": [],
      "afterHooks": [],
      "tests": [],
      "suites": [
        {
          "uuid": "202b5c4d-66f8-4f97-9458-be2f7b859b66",
          "title": "Search field - Where to go (not logged user): PFS-11,PFS-12",
          "fullFile": "",
          "file": "",
          "beforeHooks": [],
          "afterHooks": [],
          "tests": [
            {
              "title": "Search field Where to go",
              "fullTitle": "Search field - Where to go (not logged user): PFS-11,PFS-12 Search field Where to go",
              "timedOut": null,
              "duration": 8025,
              "state": "passed",
              "speed": "medium",
              "pass": true,
              "fail": false,
              "pending": false,
              "context": null,
              "code": "//Correct search PFS-11\nwhereToGo.clickSearchField();\ncy.wait(500);\ncy.get(loc.search_field).type(text).type('{enter}');\nwhereToGo.clickSearchButton();\ncy.get('h3').contains('Search by property name').should('exist');\n//Sort by price dropdown PFS-12\nwhereToGo.clickSortByDropdownValue();",
              "err": {},
              "uuid": "c85b7d6e-84be-4a15-9cd4-c4b0a5d8b342",
              "parentUUID": "202b5c4d-66f8-4f97-9458-be2f7b859b66",
              "isHook": false,
              "skipped": false
            },
            {
              "title": "Error handling for the search filed -> TC#: PFS-9, PFS-10",
              "fullTitle": "Search field - Where to go (not logged user): PFS-11,PFS-12 Error handling for the search filed -> TC#: PFS-9, PFS-10",
              "timedOut": null,
              "duration": 2286,
              "state": "passed",
              "speed": "fast",
              "pass": true,
              "fail": false,
              "pending": false,
              "context": null,
              "code": "//Empty search state message PFS-9\nwhereToGo.clickSearchField();\ncy.get('.uitk-text-default-theme').contains('Search by destination, accommodations, or landmark').should('exist');\nwhereToGo.clickSearchField();\n//Empty search error messaeges PFS-10\nwhereToGo.clickSearchButton();\ncy.get(loc.search_error).contains('Please select a destination').should('exist');\ncy.get('#lodging-search-form-1').contains('h3', 'To continue, please correct the error.').should('exist');",
              "err": {},
              "uuid": "db2e0d5b-2345-418a-95c5-4a5dff71a76f",
              "parentUUID": "202b5c4d-66f8-4f97-9458-be2f7b859b66",
              "isHook": false,
              "skipped": false
            }
          ],
          "suites": [],
          "passes": [
            "c85b7d6e-84be-4a15-9cd4-c4b0a5d8b342",
            "db2e0d5b-2345-418a-95c5-4a5dff71a76f"
          ],
          "failures": [],
          "pending": [],
          "skipped": [],
          "duration": 10311,
          "root": false,
          "rootEmpty": false,
          "_timeout": 2000
        }
      ],
      "passes": [],
      "failures": [],
      "pending": [],
      "skipped": [],
      "duration": 0,
      "root": true,
      "rootEmpty": true,
      "_timeout": 2000
    }
  ],
  "meta": {
    "mocha": {
      "version": "7.0.1"
    },
    "mochawesome": {
      "options": {
        "quiet": false,
        "reportFilename": "mochawesome",
        "saveHtml": false,
        "saveJson": true,
        "consoleReporter": "spec",
        "useInlineDiffs": false,
        "code": true
      },
      "version": "7.1.3"
    },
    "marge": {
      "options": {
        "charts": true,
        "overwrite": false,
        "html": false,
        "json": true,
        "reportDir": "cypress/reports/mochawesome-report",
        "reportPageTitle": "Project Frame Report",
        "embeddedScreenshots": true
      },
      "version": "6.2.0"
    }
  }
}