{
  "stats": {
    "suites": 1,
    "tests": 1,
    "passes": 1,
    "pending": 0,
    "failures": 0,
    "start": "2023-03-26T05:46:32.475Z",
    "end": "2023-03-26T05:46:46.816Z",
    "duration": 14341,
    "testsRegistered": 1,
    "passPercent": 100,
    "pendingPercent": 0,
    "other": 0,
    "hasOther": false,
    "skipped": 0,
    "hasSkipped": false
  },
  "results": [
    {
      "uuid": "a170825c-70e9-451a-80c0-b5352e42122f",
      "title": "",
      "fullFile": "cypress/e2e/search_by_property.cy.js",
      "file": "cypress/e2e/search_by_property.cy.js",
      "beforeHooks": [],
      "afterHooks": [],
      "tests": [],
      "suites": [
        {
          "uuid": "8f70d978-16f1-4fae-95c0-443babd1e226",
          "title": "Search field - Where to go (not logged user): PFS-11,PFS-13",
          "fullFile": "",
          "file": "",
          "beforeHooks": [],
          "afterHooks": [],
          "tests": [
            {
              "title": "Search field Where to go and search by property",
              "fullTitle": "Search field - Where to go (not logged user): PFS-11,PFS-13 Search field Where to go and search by property",
              "timedOut": null,
              "duration": 12733,
              "state": "passed",
              "speed": "slow",
              "pass": true,
              "fail": false,
              "pending": false,
              "context": null,
              "code": "//Positive search PFS-11\nwhereToGo.clickSearchField();\ncy.wait(500);\ncy.get(loc.search_field).type(text).type('{enter}');\nwhereToGo.clickSearchButton();\ncy.get('.uitk-heading-5', {\n  timeout: 10000\n}).contains('h3', 'Search by property name').should('exist');\n//Search by property name PFS-13\ncy.get(loc.search_by_property_field, {\n  timeout: 10000\n}).click();\ncy.wait(500);\ncy.get(loc.opened_property_search_field).type(hotel, {\n  force: true\n}).type('{enter}').should('have.value', hotel);\ncy.get('#playback-filter-pill-hotelName-Marriot').contains('Marriot').should('exist');\ncy.end();",
              "err": {},
              "uuid": "82f46ff0-6096-470f-8aab-97eac13efafa",
              "parentUUID": "8f70d978-16f1-4fae-95c0-443babd1e226",
              "isHook": false,
              "skipped": false
            }
          ],
          "suites": [],
          "passes": [
            "82f46ff0-6096-470f-8aab-97eac13efafa"
          ],
          "failures": [],
          "pending": [],
          "skipped": [],
          "duration": 12733,
          "root": false,
          "rootEmpty": false,
          "_timeout": 2000
        }
      ],
      "passes": [],
      "failures": [],
      "pending": [],
      "skipped": [],
      "duration": 0,
      "root": true,
      "rootEmpty": true,
      "_timeout": 2000
    }
  ],
  "meta": {
    "mocha": {
      "version": "7.0.1"
    },
    "mochawesome": {
      "options": {
        "quiet": false,
        "reportFilename": "mochawesome",
        "saveHtml": false,
        "saveJson": true,
        "consoleReporter": "spec",
        "useInlineDiffs": false,
        "code": true
      },
      "version": "7.1.3"
    },
    "marge": {
      "options": {
        "charts": true,
        "overwrite": false,
        "html": false,
        "json": true,
        "reportDir": "cypress/reports/mochawesome-report",
        "reportPageTitle": "Project Frame Report",
        "embeddedScreenshots": true
      },
      "version": "6.2.0"
    }
  }
}