{
  "stats": {
    "suites": 1,
    "tests": 1,
    "passes": 1,
    "pending": 0,
    "failures": 0,
    "start": "2023-03-19T21:23:45.292Z",
    "end": "2023-03-19T21:23:59.255Z",
    "duration": 13963,
    "testsRegistered": 1,
    "passPercent": 100,
    "pendingPercent": 0,
    "other": 0,
    "hasOther": false,
    "skipped": 0,
    "hasSkipped": false
  },
  "results": [
    {
      "uuid": "2a54bf41-f790-48d6-8a0f-e53f3e837abc",
      "title": "",
      "fullFile": "cypress/e2e/login_positive.cy.js",
      "file": "cypress/e2e/login_positive.cy.js",
      "beforeHooks": [],
      "afterHooks": [],
      "tests": [],
      "suites": [
        {
          "uuid": "e8ef5d5d-5e10-470c-92fe-6e937fbf112a",
          "title": "Positive: Successful login & logout tests",
          "fullFile": "",
          "file": "",
          "beforeHooks": [],
          "afterHooks": [],
          "tests": [
            {
              "title": "Successful login & Successful logout TC#: PFS-1, PFS-8",
              "fullTitle": "Positive: Successful login & logout tests Successful login & Successful logout TC#: PFS-1, PFS-8",
              "timedOut": null,
              "duration": 12308,
              "state": "passed",
              "speed": "slow",
              "pass": true,
              "fail": false,
              "pending": false,
              "context": null,
              "code": "//Login PFS-1\nloginPage.navigateURL('https://www.hotels.com/');\nloginPage.navigateToSignIn();\nloginPage.clickSignInBlue();\nloginPage.enterUserName(globalEmail);\nloginPage.enterPassword(globalPassword);\nloginPage.clickSignInButton();\n//Login verification\ncy.get(loc.navigateTosignIn).contains('button', 'Alexey').should('exist');\n//Logout PFS-8\nloginPage.clickLogedInUserName();\nloginPage.clickSignOutButton();\n//Logout verification\ncy.get(loc.navigateTosignIn).contains('button', 'Sign in').should('exist');",
              "err": {},
              "uuid": "e434f4b8-9706-443c-b78d-37e4748cbc48",
              "parentUUID": "e8ef5d5d-5e10-470c-92fe-6e937fbf112a",
              "isHook": false,
              "skipped": false
            }
          ],
          "suites": [],
          "passes": [
            "e434f4b8-9706-443c-b78d-37e4748cbc48"
          ],
          "failures": [],
          "pending": [],
          "skipped": [],
          "duration": 12308,
          "root": false,
          "rootEmpty": false,
          "_timeout": 2000
        }
      ],
      "passes": [],
      "failures": [],
      "pending": [],
      "skipped": [],
      "duration": 0,
      "root": true,
      "rootEmpty": true,
      "_timeout": 2000
    }
  ],
  "meta": {
    "mocha": {
      "version": "7.0.1"
    },
    "mochawesome": {
      "options": {
        "quiet": false,
        "reportFilename": "mochawesome",
        "saveHtml": false,
        "saveJson": true,
        "consoleReporter": "spec",
        "useInlineDiffs": false,
        "code": true
      },
      "version": "7.1.3"
    },
    "marge": {
      "options": {
        "charts": true,
        "overwrite": false,
        "html": false,
        "json": true,
        "reportDir": "cypress/reports/mochawesome-report",
        "reportPageTitle": "Project Frame Report",
        "embeddedScreenshots": true
      },
      "version": "6.2.0"
    }
  }
}