{
  "stats": {
    "suites": 1,
    "tests": 4,
    "passes": 4,
    "pending": 0,
    "failures": 0,
    "start": "2023-03-27T06:28:21.734Z",
    "end": "2023-03-27T06:28:47.564Z",
    "duration": 25830,
    "testsRegistered": 4,
    "passPercent": 100,
    "pendingPercent": 0,
    "other": 0,
    "hasOther": false,
    "skipped": 0,
    "hasSkipped": false
  },
  "results": [
    {
      "uuid": "54ef9130-18cc-4a4c-aec6-bac8fdad7975",
      "title": "",
      "fullFile": "cypress/e2e/login_negative.cy.js",
      "file": "cypress/e2e/login_negative.cy.js",
      "beforeHooks": [],
      "afterHooks": [],
      "tests": [],
      "suites": [
        {
          "uuid": "0d8502bc-aa50-48d9-b627-3191a07ebd7f",
          "title": "Negative: Fail to login: PFS-2, PFS-3, PFS-4, PFS-5, PFS-6, PFS-7",
          "fullFile": "",
          "file": "",
          "beforeHooks": [],
          "afterHooks": [],
          "tests": [
            {
              "title": "Fail to login without domain && Fail to login with empty email ->TC#: PFS-2, PFS-3",
              "fullTitle": "Negative: Fail to login: PFS-2, PFS-3, PFS-4, PFS-5, PFS-6, PFS-7 Fail to login without domain && Fail to login with empty email ->TC#: PFS-2, PFS-3",
              "timedOut": null,
              "duration": 5403,
              "state": "passed",
              "speed": "medium",
              "pass": true,
              "fail": false,
              "pending": false,
              "context": null,
              "code": "loginPage.navigateToSignIn();\nloginPage.clickSignInBlue();\nloginPage.enterUserName('alex.gmobile.test');\nloginPage.clickPasswordField();\n//verification 1\ncy.get(loc.email_error).contains('Enter a valid email.').should('exist');\nloginPage.clearUserNameField();\nloginPage.clearPasswordField();\n//verification 2\ncy.get(loc.email_error).contains('Please enter your email address.').should('exist');",
              "err": {},
              "uuid": "b138e5fb-0657-4e0b-8502-524c1461e480",
              "parentUUID": "0d8502bc-aa50-48d9-b627-3191a07ebd7f",
              "isHook": false,
              "skipped": false
            },
            {
              "title": "Fail to login with invalid email and valid password -> TC#: PFS-7",
              "fullTitle": "Negative: Fail to login: PFS-2, PFS-3, PFS-4, PFS-5, PFS-6, PFS-7 Fail to login with invalid email and valid password -> TC#: PFS-7",
              "timedOut": null,
              "duration": 6160,
              "state": "passed",
              "speed": "medium",
              "pass": true,
              "fail": false,
              "pending": false,
              "context": null,
              "code": "loginPage.navigateToSignIn();\nloginPage.clickSignInBlue();\nloginPage.enterUserName('alex.gmobile.test');\nloginPage.clickPasswordField();\ncy.get(loc.email_error).contains('Enter a valid email.').should('exist');\nloginPage.clearUserNameField();\nloginPage.clearPasswordField();\ncy.get(loc.email_error).contains('Please enter your email address.').should('exist');",
              "err": {},
              "uuid": "734c09c9-2a9f-4679-b58a-faa6c26a51ab",
              "parentUUID": "0d8502bc-aa50-48d9-b627-3191a07ebd7f",
              "isHook": false,
              "skipped": false
            },
            {
              "title": "Fail to login with empty password && Fail to login with invalid password: -> TC#: PFS-4, PFS-5",
              "fullTitle": "Negative: Fail to login: PFS-2, PFS-3, PFS-4, PFS-5, PFS-6, PFS-7 Fail to login with empty password && Fail to login with invalid password: -> TC#: PFS-4, PFS-5",
              "timedOut": null,
              "duration": 8148,
              "state": "passed",
              "speed": "medium",
              "pass": true,
              "fail": false,
              "pending": false,
              "context": null,
              "code": "loginPage.navigateToSignIn();\nloginPage.clickSignInBlue();\nloginPage.enterUserName('alex.gmobile.test@gmail.com');\nloginPage.clickPasswordField();\nloginPage.clickUserNameField();\ncy.get(loc.password_error).contains('Please enter your password.').should('exist');\nloginPage.enterPassword('Testtest');\nloginPage.clickSignInButton();\ncy.get('h3').contains(\"Email and password don't match. Please try again.\").should('exist');",
              "err": {},
              "uuid": "2e236f09-3238-4592-80cd-7e6b79cc0422",
              "parentUUID": "0d8502bc-aa50-48d9-b627-3191a07ebd7f",
              "isHook": false,
              "skipped": false
            },
            {
              "title": "Fail to login with empty credentials -> TC#: PFS-6",
              "fullTitle": "Negative: Fail to login: PFS-2, PFS-3, PFS-4, PFS-5, PFS-6, PFS-7 Fail to login with empty credentials -> TC#: PFS-6",
              "timedOut": null,
              "duration": 4277,
              "state": "passed",
              "speed": "fast",
              "pass": true,
              "fail": false,
              "pending": false,
              "context": null,
              "code": "loginPage.navigateToSignIn();\nloginPage.clickSignInBlue();\nloginPage.clickUserNameField();\nloginPage.clickPasswordField();\ncy.get(loc.final_signin_button).should('be.disabled');",
              "err": {},
              "uuid": "932338d3-bedf-4367-b0aa-3a9e25f49705",
              "parentUUID": "0d8502bc-aa50-48d9-b627-3191a07ebd7f",
              "isHook": false,
              "skipped": false
            }
          ],
          "suites": [],
          "passes": [
            "b138e5fb-0657-4e0b-8502-524c1461e480",
            "734c09c9-2a9f-4679-b58a-faa6c26a51ab",
            "2e236f09-3238-4592-80cd-7e6b79cc0422",
            "932338d3-bedf-4367-b0aa-3a9e25f49705"
          ],
          "failures": [],
          "pending": [],
          "skipped": [],
          "duration": 23988,
          "root": false,
          "rootEmpty": false,
          "_timeout": 2000
        }
      ],
      "passes": [],
      "failures": [],
      "pending": [],
      "skipped": [],
      "duration": 0,
      "root": true,
      "rootEmpty": true,
      "_timeout": 2000
    }
  ],
  "meta": {
    "mocha": {
      "version": "7.0.1"
    },
    "mochawesome": {
      "options": {
        "quiet": false,
        "reportFilename": "mochawesome",
        "saveHtml": false,
        "saveJson": true,
        "consoleReporter": "spec",
        "useInlineDiffs": false,
        "code": true
      },
      "version": "7.1.3"
    },
    "marge": {
      "options": {
        "charts": true,
        "overwrite": false,
        "html": false,
        "json": true,
        "reportDir": "cypress/reports/mochawesome-report",
        "reportPageTitle": "Project Frame Report",
        "embeddedScreenshots": true
      },
      "version": "6.2.0"
    }
  }
}