{
  "stats": {
    "suites": 1,
    "tests": 1,
    "passes": 1,
    "pending": 0,
    "failures": 0,
    "start": "2023-03-23T07:15:47.149Z",
    "end": "2023-03-23T07:16:00.199Z",
    "duration": 13050,
    "testsRegistered": 1,
    "passPercent": 100,
    "pendingPercent": 0,
    "other": 0,
    "hasOther": false,
    "skipped": 0,
    "hasSkipped": false
  },
  "results": [
    {
      "uuid": "e142b698-1a1c-4809-aaa5-eed8e984f681",
      "title": "",
      "fullFile": "cypress/e2e/search_by_property.cy.js",
      "file": "cypress/e2e/search_by_property.cy.js",
      "beforeHooks": [],
      "afterHooks": [],
      "tests": [],
      "suites": [
        {
          "uuid": "2fbd6dd3-d89c-49f3-a2fb-5b3249116b9d",
          "title": "Search field - Where to go (not logged user): PFS-11,PFS-13",
          "fullFile": "",
          "file": "",
          "beforeHooks": [],
          "afterHooks": [],
          "tests": [
            {
              "title": "Search field Where to go and search by property",
              "fullTitle": "Search field - Where to go (not logged user): PFS-11,PFS-13 Search field Where to go and search by property",
              "timedOut": null,
              "duration": 10617,
              "state": "passed",
              "speed": "slow",
              "pass": true,
              "fail": false,
              "pending": false,
              "context": null,
              "code": "//Positive search PFS-11\nwhereToGo.clickSearchField();\ncy.wait(500);\ncy.get(loc.search_field).type(text).type('{enter}');\nwhereToGo.clickSearchButton();\ncy.get('h3').contains('Search by property name').should('exist');\n//Search by property name PFS-13\ncy.get(loc.search_by_property_field, {\n  timeout: 10000\n}).click();\ncy.wait(500);\ncy.get(loc.opened_property_search_field).type(hotel, {\n  force: true\n}).type('{enter}').should('have.value', hotel);\ncy.get('[data-stid=\"results-header\"]').contains('Marriot').click();",
              "err": {},
              "uuid": "66e13372-b9b6-4ddc-b587-d5c406838d95",
              "parentUUID": "2fbd6dd3-d89c-49f3-a2fb-5b3249116b9d",
              "isHook": false,
              "skipped": false
            }
          ],
          "suites": [],
          "passes": [
            "66e13372-b9b6-4ddc-b587-d5c406838d95"
          ],
          "failures": [],
          "pending": [],
          "skipped": [],
          "duration": 10617,
          "root": false,
          "rootEmpty": false,
          "_timeout": 2000
        }
      ],
      "passes": [],
      "failures": [],
      "pending": [],
      "skipped": [],
      "duration": 0,
      "root": true,
      "rootEmpty": true,
      "_timeout": 2000
    }
  ],
  "meta": {
    "mocha": {
      "version": "7.0.1"
    },
    "mochawesome": {
      "options": {
        "quiet": false,
        "reportFilename": "mochawesome",
        "saveHtml": false,
        "saveJson": true,
        "consoleReporter": "spec",
        "useInlineDiffs": false,
        "code": true
      },
      "version": "7.1.3"
    },
    "marge": {
      "options": {
        "charts": true,
        "overwrite": false,
        "html": false,
        "json": true,
        "reportDir": "cypress/reports/mochawesome-report",
        "reportPageTitle": "Project Frame Report",
        "embeddedScreenshots": true
      },
      "version": "6.2.0"
    }
  }
}