{
  "stats": {
    "suites": 1,
    "tests": 2,
    "passes": 2,
    "pending": 0,
    "failures": 0,
    "start": "2023-03-19T21:24:03.388Z",
    "end": "2023-03-19T21:24:15.179Z",
    "duration": 11791,
    "testsRegistered": 2,
    "passPercent": 100,
    "pendingPercent": 0,
    "other": 0,
    "hasOther": false,
    "skipped": 0,
    "hasSkipped": false
  },
  "results": [
    {
      "uuid": "a141ab6a-43ab-435e-bc95-a1649c16df57",
      "title": "",
      "fullFile": "cypress/e2e/where_to_go.cy.js",
      "file": "cypress/e2e/where_to_go.cy.js",
      "beforeHooks": [],
      "afterHooks": [],
      "tests": [],
      "suites": [
        {
          "uuid": "202b5c4d-66f8-4f97-9458-be2f7b859b66",
          "title": "Search field - Where to go (not logged user): PFS-11,PFS-12",
          "fullFile": "",
          "file": "",
          "beforeHooks": [],
          "afterHooks": [],
          "tests": [
            {
              "title": "Search field Where to go",
              "fullTitle": "Search field - Where to go (not logged user): PFS-11,PFS-12 Search field Where to go",
              "timedOut": null,
              "duration": 8025,
              "state": "passed",
              "speed": "medium",
              "pass": true,
              "fail": false,
              "pending": false,
              "context": null,
              "code": "//Correct search PFS-11\nwhereToGo.clickSearchField();\ncy.wait(500);\ncy.get(loc.search_field).type(text).type('{enter}');\nwhereToGo.clickSearchButton();\ncy.get('h3').contains('Search by property name').should('exist');\n//Sort by price dropdown PFS-12\nwhereToGo.clickSortByDropdownValue();",
              "err": {},
              "uuid": "c85b7d6e-84be-4a15-9cd4-c4b0a5d8b342",
              "parentUUID": "202b5c4d-66f8-4f97-9458-be2f7b859b66",
              "isHook": false,
              "skipped": false
            },
            {
              "title": "Error handling for the search filed -> TC#: PFS-9, PFS-10",
              "fullTitle": "Search field - Where to go (not logged user): PFS-11,PFS-12 Error handling for the search filed -> TC#: PFS-9, PFS-10",
              "timedOut": null,
              "duration": 2286,
              "state": "passed",
              "speed": "fast",
              "pass": true,
              "fail": false,
              "pending": false,
              "context": null,
              "code": "//Empty search state message PFS-9\nwhereToGo.clickSearchField();\ncy.get('.uitk-text-default-theme').contains('Search by destination, accommodations, or landmark').should('exist');\nwhereToGo.clickSearchField();\n//Empty search error messaeges PFS-10\nwhereToGo.clickSearchButton();\ncy.get(loc.search_error).contains('Please select a destination').should('exist');\ncy.get('#lodging-search-form-1').contains('h3', 'To continue, please correct the error.').should('exist');",
              "err": {},
              "uuid": "db2e0d5b-2345-418a-95c5-4a5dff71a76f",
              "parentUUID": "202b5c4d-66f8-4f97-9458-be2f7b859b66",
              "isHook": false,
              "skipped": false
            }
          ],
          "suites": [],
          "passes": [
            "c85b7d6e-84be-4a15-9cd4-c4b0a5d8b342",
            "db2e0d5b-2345-418a-95c5-4a5dff71a76f"
          ],
          "failures": [],
          "pending": [],
          "skipped": [],
          "duration": 10311,
          "root": false,
          "rootEmpty": false,
          "_timeout": 2000
        }
      ],
      "passes": [],
      "failures": [],
      "pending": [],
      "skipped": [],
      "duration": 0,
      "root": true,
      "rootEmpty": true,
      "_timeout": 2000
    }
  ],
  "meta": {
    "mocha": {
      "version": "7.0.1"
    },
    "mochawesome": {
      "options": {
        "quiet": false,
        "reportFilename": "mochawesome",
        "saveHtml": false,
        "saveJson": true,
        "consoleReporter": "spec",
        "useInlineDiffs": false,
        "code": true
      },
      "version": "7.1.3"
    },
    "marge": {
      "options": {
        "charts": true,
        "overwrite": false,
        "html": false,
        "json": true,
        "reportDir": "cypress/reports/mochawesome-report",
        "reportPageTitle": "Project Frame Report",
        "embeddedScreenshots": true
      },
      "version": "6.2.0"
    }
  }
}